c:\users\gresh\source\repos\elasticmomentmodeling\debug\vc142.pdb
c:\users\gresh\source\repos\elasticmomentmodeling\debug\vc142.idb
c:\users\gresh\source\repos\elasticmomentmodeling\debug\vector.obj
c:\users\gresh\source\repos\elasticmomentmodeling\debug\tensor.obj
c:\users\gresh\source\repos\elasticmomentmodeling\debug\solver.obj
c:\users\gresh\source\repos\elasticmomentmodeling\debug\main.obj
c:\users\gresh\source\repos\elasticmomentmodeling\debug\graphicdrawer.obj
c:\users\gresh\source\repos\elasticmomentmodeling\debug\elasticmomentmodeling.res
c:\users\gresh\source\repos\elasticmomentmodeling\debug\elasticmomentmodeling.pdb
c:\users\gresh\source\repos\elasticmomentmodeling\debug\elasticm.7f52f793.tlog\cl.command.1.tlog
c:\users\gresh\source\repos\elasticmomentmodeling\debug\elasticm.7f52f793.tlog\cl.read.1.tlog
c:\users\gresh\source\repos\elasticmomentmodeling\debug\elasticm.7f52f793.tlog\cl.write.1.tlog
c:\users\gresh\source\repos\elasticmomentmodeling\debug\elasticm.7f52f793.tlog\link-cvtres.read.1.tlog
c:\users\gresh\source\repos\elasticmomentmodeling\debug\elasticm.7f52f793.tlog\link-cvtres.write.1.tlog
c:\users\gresh\source\repos\elasticmomentmodeling\debug\elasticm.7f52f793.tlog\link-rc.read.1.tlog
c:\users\gresh\source\repos\elasticmomentmodeling\debug\elasticm.7f52f793.tlog\link-rc.write.1.tlog
c:\users\gresh\source\repos\elasticmomentmodeling\debug\elasticm.7f52f793.tlog\link.command.1.tlog
c:\users\gresh\source\repos\elasticmomentmodeling\debug\elasticm.7f52f793.tlog\link.read.1.tlog
c:\users\gresh\source\repos\elasticmomentmodeling\debug\elasticm.7f52f793.tlog\link.write.1.tlog
c:\users\gresh\source\repos\elasticmomentmodeling\debug\elasticm.7f52f793.tlog\rc.command.1.tlog
c:\users\gresh\source\repos\elasticmomentmodeling\debug\elasticm.7f52f793.tlog\rc.read.1.tlog
c:\users\gresh\source\repos\elasticmomentmodeling\debug\elasticm.7f52f793.tlog\rc.write.1.tlog
